<?xml version="1.0" encoding="UTF-8"?>
<testng-results skipped="1" failed="0" total="1" passed="0">
  <reporter-output>
  </reporter-output>
  <suite name="Default suite" duration-ms="19370" started-at="2018-02-12T11:35:35Z" finished-at="2018-02-12T11:35:54Z">
    <groups>
    </groups>
    <test name="Default test" duration-ms="19370" started-at="2018-02-12T11:35:35Z" finished-at="2018-02-12T11:35:54Z">
      <class name="com.testing.Testng_ft">
        <test-method status="FAIL" signature="run()[pri:0, instance:com.testing.Testng_ft@53976f5c]" name="run" is-config="true" duration-ms="0" started-at="2018-02-12T17:05:35Z" finished-at="2018-02-12T17:05:35Z">
          <exception class="com.hp.lft.sdk.GeneralLeanFtException">
            <message>
              <![CDATA[An Internal problem has occurred, please make sure the LeanFT sdk was properly initialized.]]>
            </message>
            <full-stacktrace>
              <![CDATA[com.hp.lft.sdk.GeneralLeanFtException: An Internal problem has occurred, please make sure the LeanFT sdk was properly initialized.
	at com.hp.lft.sdk.internal.CommunicationClientImpl.send(CommunicationClientImpl.java:76)
	at com.hp.lft.sdk.web.BrowserFactory$BrowserFactoryInstance$1.invoke(BrowserFactory.java:122)
	at com.hp.lft.sdk.web.BrowserFactory$BrowserFactoryInstance$1.invoke(BrowserFactory.java:115)
	at com.hp.lft.sdk.internal.TestObjectOperationWrapper.executeWithEvents(TestObjectOperationWrapper.java:120)
	at com.hp.lft.sdk.internal.TestObjectOperationWrapper.executeWithEvents(TestObjectOperationWrapper.java:97)
	at com.hp.lft.sdk.web.BrowserFactory$BrowserFactoryInstance.launch(BrowserFactory.java:128)
	at com.hp.lft.sdk.web.BrowserFactory.launch(BrowserFactory.java:43)
	at com.testing.Testng_ft.run(Testng_ft.java:30)
	at sun.reflect.NativeMethodAccessorImpl.invoke0(Native Method)
	at sun.reflect.NativeMethodAccessorImpl.invoke(Unknown Source)
	at sun.reflect.DelegatingMethodAccessorImpl.invoke(Unknown Source)
	at java.lang.reflect.Method.invoke(Unknown Source)
	at org.testng.internal.MethodInvocationHelper.invokeMethod(MethodInvocationHelper.java:85)
	at org.testng.internal.Invoker.invokeConfigurationMethod(Invoker.java:510)
	at org.testng.internal.Invoker.invokeConfigurations(Invoker.java:211)
	at org.testng.internal.Invoker.invokeConfigurations(Invoker.java:138)
	at org.testng.TestRunner.beforeRun(TestRunner.java:648)
	at org.testng.TestRunner.run(TestRunner.java:616)
	at org.testng.SuiteRunner.runTest(SuiteRunner.java:359)
	at org.testng.SuiteRunner.runSequentially(SuiteRunner.java:354)
	at org.testng.SuiteRunner.privateRun(SuiteRunner.java:312)
	at org.testng.SuiteRunner.run(SuiteRunner.java:261)
	at org.testng.SuiteRunnerWorker.runSuite(SuiteRunnerWorker.java:52)
	at org.testng.SuiteRunnerWorker.run(SuiteRunnerWorker.java:86)
	at org.testng.TestNG.runSuitesSequentially(TestNG.java:1215)
	at org.testng.TestNG.runSuitesLocally(TestNG.java:1140)
	at org.testng.TestNG.run(TestNG.java:1048)
	at org.testng.remote.AbstractRemoteTestNG.run(AbstractRemoteTestNG.java:114)
	at org.testng.remote.RemoteTestNG.initAndRun(RemoteTestNG.java:251)
	at org.testng.remote.RemoteTestNG.main(RemoteTestNG.java:77)
]]>
            </full-stacktrace>
          </exception> <!-- com.hp.lft.sdk.GeneralLeanFtException -->
          <reporter-output>
          </reporter-output>
        </test-method> <!-- run -->
        <test-method status="SKIP" signature="beforeClass()[pri:0, instance:com.testing.Testng_ft@53976f5c]" name="beforeClass" is-config="true" duration-ms="0" started-at="2018-02-12T17:05:54Z" finished-at="2018-02-12T17:05:54Z">
          <reporter-output>
          </reporter-output>
        </test-method> <!-- beforeClass -->
        <test-method status="SKIP" signature="test()[pri:1, instance:com.testing.Testng_ft@53976f5c]" name="test" duration-ms="2" started-at="2018-02-12T17:05:54Z" finished-at="2018-02-12T17:05:54Z">
          <reporter-output>
          </reporter-output>
        </test-method> <!-- test -->
      </class> <!-- com.testing.Testng_ft -->
    </test> <!-- Default test -->
  </suite> <!-- Default suite -->
</testng-results>
