<?xml version="1.0" encoding="UTF-8"?>
<!-- Generated by org.testng.reporters.JUnitXMLReporter -->
<testsuite hostname="iDeliver8" name="Test" tests="4" failures="1" timestamp="29 Aug 2017 14:23:50 GMT" time="0.3" errors="0">
  <testcase name="@AfterMethod Flush" time="0.0" classname="script.Scenario_car">
    <failure type="java.lang.NullPointerException">
      <![CDATA[java.lang.NullPointerException
	at script.Scenario_car.Flush(Scenario_car.java:165)
... Removed 25 stack frames]]>
    </failure>
  </testcase> <!-- @AfterMethod Flush -->
  <testcase name="@AfterMethod Flush" time="0.0" classname="script.Scenario_car">
    <skipped/>
  </testcase> <!-- @AfterMethod Flush -->
  <testcase name="@AfterMethod Flush" time="0.0" classname="script.Scenario_car">
    <skipped/>
  </testcase> <!-- @AfterMethod Flush -->
  <testcase name="@AfterMethod Flush" time="0.0" classname="script.Scenario_car">
    <skipped/>
  </testcase> <!-- @AfterMethod Flush -->
  <testcase name="@AfterClass Close" time="0.0" classname="script.Scenario_car">
    <skipped/>
  </testcase> <!-- @AfterClass Close -->
  <testcase name="Launch" time="0.0" classname="script.Scenario_car">
    <failure type="java.lang.NoClassDefFoundError" message="atu/testng/reports/ATUReports">
      <![CDATA[java.lang.NoClassDefFoundError: atu/testng/reports/ATUReports
	at script.Scenario_car.Launch(Scenario_car.java:57)
Caused by: java.lang.ClassNotFoundException: atu.testng.reports.ATUReports
	at java.net.URLClassLoader$1.run(Unknown Source)
	at java.net.URLClassLoader$1.run(Unknown Source)
	at java.security.AccessController.doPrivileged(Native Method)
	at java.net.URLClassLoader.findClass(Unknown Source)
	at java.lang.ClassLoader.loadClass(Unknown Source)
	at sun.misc.Launcher$AppClassLoader.loadClass(Unknown Source)
	at java.lang.ClassLoader.loadClass(Unknown Source)
	... 24 more
... Removed 23 stack frames]]>
    </failure>
  </testcase> <!-- Launch -->
  <testcase name="Search" time="0.0" classname="script.Scenario_car">
    <skipped/>
  </testcase> <!-- Search -->
  <testcase name="Book" time="0.0" classname="script.Scenario_car">
    <skipped/>
  </testcase> <!-- Book -->
  <testcase name="Verify" time="0.0" classname="script.Scenario_car">
    <skipped/>
  </testcase> <!-- Verify -->
</testsuite> <!-- Test -->
