<?xml version="1.0" encoding="UTF-8"?>
<!-- Generated by org.testng.reporters.JUnitXMLReporter -->
<testsuite hostname="iDeliver8" name="Default test" tests="5" failures="0" timestamp="23 Jan 2018 16:46:00 GMT" time="111.477" errors="0">
  <testcase name="Login_HM_page" time="11.828" classname="com.HM.e2e.Mail_script_multiple_iteration_2"/>
  <testcase name="Mail" time="34.184" classname="com.HM.e2e.Mail_script_multiple_iteration_2"/>
  <testcase name="Mail" time="9.278" classname="com.HM.e2e.Mail_script_multiple_iteration_2"/>
  <testcase name="Send_mail_verify" time="30.102" classname="com.HM.e2e.Mail_script_multiple_iteration_2"/>
  <testcase name="Logout_HM_page" time="11.524" classname="com.HM.e2e.Mail_script_multiple_iteration_2"/>
</testsuite> <!-- Default test -->
