<?xml version="1.0" encoding="UTF-8"?>
<!-- Generated by org.testng.reporters.JUnitXMLReporter -->
<testsuite hostname="iDeliver8" ignored="0" name="Default test" tests="5" failures="0" timestamp="13 Nov 2017 12:06:05 GMT" time="91.274" errors="0">
  <testcase name="Launch" time="20.336" classname="script.Scenario_hotel"/>
  <testcase name="Hotel_search" time="21.924" classname="script.Scenario_hotel"/>
  <testcase name="Hotel_room_select" time="14.891" classname="script.Scenario_hotel"/>
  <testcase name="Customer_details" time="21.02" classname="script.Scenario_hotel"/>
  <testcase name="Payment_details" time="6.571" classname="script.Scenario_hotel"/>
</testsuite> <!-- Default test -->
