<?xml version="1.0" encoding="UTF-8"?>
<!-- Generated by org.testng.reporters.JUnitXMLReporter -->
<testsuite hostname="iDeliver8" name="Rn_test" tests="1" failures="1" timestamp="17 Apr 2017 16:42:30 GMT" time="0.041" errors="0">
  <testcase name="f" time="0.017" classname="sams_club.Run_test">
    <failure type="java.lang.NullPointerException">
      <![CDATA[java.lang.NullPointerException
	at sams_club.Run_test.f(Run_test.java:12)
... Removed 24 stack frames]]>
    </failure>
  </testcase> <!-- f -->
</testsuite> <!-- Rn_test -->
