<?xml version="1.0" encoding="UTF-8"?>
<!-- Generated by org.testng.reporters.JUnitXMLReporter -->
<testsuite hostname="iDeliver8" ignored="0" name="Test1" tests="6" failures="1" timestamp="22 May 2017 15:10:24 GMT" time="61.63" errors="0">
  <testcase name="@AfterMethod Flush" time="0.001" classname="make_my_trip.MMT_TestNGaa">
    <failure type="java.lang.NullPointerException">
      <![CDATA[java.lang.NullPointerException
	at make_my_trip.Function_libraries.Screen_Report(Function_libraries.java:109)
	at make_my_trip.MMT_TestNGaa.Flush(MMT_TestNGaa.java:365)
	at java.util.concurrent.FutureTask.run(Unknown Source)
	at java.util.concurrent.ThreadPoolExecutor.runWorker(Unknown Source)
	at java.util.concurrent.ThreadPoolExecutor$Worker.run(Unknown Source)
	at java.lang.Thread.run(Unknown Source)
... Removed 18 stack frames]]>
    </failure>
  </testcase> <!-- @AfterMethod Flush -->
  <testcase name="@AfterTest Close" time="0.0" classname="make_my_trip.MMT_TestNGaa">
    <skipped/>
  </testcase> <!-- @AfterTest Close -->
  <testcase name="Launch" time="61.315" classname="make_my_trip.MMT_TestNGaa">
    <failure type="org.openqa.selenium.WebDriverException" message="Failed to connect to binary FirefoxBinary(C:\Program Files\Mozilla Firefox\firefox.exe) on port 7055; process output follows: 
tkdPQA&amp;quot;,&amp;quot;location&amp;quot;:&amp;quot;winreg-app-global&amp;quot;,&amp;quot;version&amp;quot;:&amp;quot;5.0.540.0&amp;quot;,&amp;quot;type&amp;quot;:&amp;quot;extension&amp;quot;,&amp;quot;internalName&amp;quot;:null,&amp;quot;updateURL&amp;quot;:null,&amp;quot;updateKey&amp;quot;:null,&amp;quot;optionsURL&amp;quot;:null,&amp;quot;optionsType&amp;quot;:null,&amp;quot;aboutURL&amp;quot;:null,&amp;quot;icons&amp;quot;:{},&amp;quot;iconURL&amp;quot;:&amp;quot;chrome://saff/content/siteadvisor.gif&amp;quot;,&amp;quot;icon64URL&amp;quot;:null,&amp;quot;defaultLocale&amp;quot;:{&amp;quot;name&amp;quot;:&amp;quot;McAfee WebAdvisor&amp;quot;,&amp;quot;description&amp;quot;:null,&amp;quot;creator&amp;quot;:&amp;quot;McAfee Inc.&amp;quot;,&amp;quot;homepageURL&amp;quot;:&amp;quot;http://www.siteadvisor.com/&amp;quot;},&amp;quot;visible&amp;quot;:true,&amp;quot;active&amp;quot;:false,&amp;quot;userDisabled&amp;quot;:true,&amp;quot;appDisabled&amp;quot;:false,&amp;quot;descriptor&amp;quot;:&amp;quot;C:\\Program Files (x86)\\McAfee\\SiteAdvisor\\saffplg.xpi&amp;quot;,&amp;quot;installDate&amp;quot;:1493028664523,&amp;quot;updateDate&amp;quot;:1493028664523,&amp;quot;applyBackgroundUpdates&amp;quot;:1,&amp;quot;bootstrap&amp;quot;:false,&amp;quot;skinnable&amp;quot;:false,&amp;quot;size&amp;quot;:319772,&amp;quot;sourceURI&amp;quot;:null,&amp;quot;releaseNotesURI&amp;quot;:null,&amp;quot;softDisabled&amp;quot;:false,&amp;quot;foreignInstall&amp;quot;:true,&amp;quot;hasBinaryComponents&amp;quot;:false,&amp;quot;strictCompatibility&amp;quot;:false,&amp;quot;locales&amp;quot;:[],&amp;quot;targetApplications&amp;quot;:[{&amp;quot;id&amp;quot;:&amp;quot;{ec8030f7-c20a-464f-9b0e-13a3a9e97384}&amp;quot;,&amp;quot;minVersion&amp;quot;:&amp;quot;26.0&amp;quot;,&amp;quot;maxVersion&amp;quot;:&amp;quot;51.*&amp;quot;}],&amp;quot;targetPlatforms&amp;quot;:[],&amp;quot;multiprocessCompatible&amp;quot;:false,&amp;quot;signedState&amp;quot;:2,&amp;quot;seen&amp;quot;:true}
1495465774658	DeferredSave.extensions.json	DEBUG	Save changes
1495465774658	addons.xpi	DEBUG	Updating database with changes to installed add-ons
1495465774658	addons.xpi-utils	DEBUG	Updating add-on states
1495465774660	addons.xpi-utils	DEBUG	Writing add-ons list
1495465774664	addons.xpi	DEBUG	Registering manifest for C:\Program Files\Mozilla Firefox\browser\features\e10srollout@mozilla.org.xpi
1495465774665	addons.xpi	DEBUG	Calling bootstrap method startup on e10srollout@mozilla.org version 1.0
1495465774665	addons.xpi	DEBUG	Registering manifest for C:\Program Files\Mozilla Firefox\browser\features\firefox@getpocket.com.xpi
1495465774666	addons.xpi	DEBUG	Calling bootstrap method startup on firefox@getpocket.com version 1.0.2
1495465774667	addons.xpi	DEBUG	Registering manifest for C:\Program Files\Mozilla Firefox\browser\features\loop@mozilla.org.xpi
1495465774668	addons.xpi	DEBUG	Calling bootstrap method startup on loop@mozilla.org version 1.3.2
1495465774688	addons.manager	DEBUG	Registering shutdown blocker for XPIProvider
1495465774688	addons.manager	DEBUG	Provider finished startup: XPIProvider
1495465774688	addons.manager	DEBUG	Starting provider: LightweightThemeManager
1495465774688	addons.manager	DEBUG	Registering shutdown blocker for LightweightThemeManager
1495465774688	addons.manager	DEBUG	Provider finished startup: LightweightThemeManager
1495465774689	addons.manager	DEBUG	Starting provider: GMPProvider
1495465774694	addons.manager	DEBUG	Registering shutdown blocker for GMPProvider
1495465774694	addons.manager	DEBUG	Provider finished startup: GMPProvider
1495465774694	addons.manager	DEBUG	Starting provider: PluginProvider
1495465774694	addons.manager	DEBUG	Registering shutdown blocker for PluginProvider
1495465774694	addons.manager	DEBUG	Provider finished startup: PluginProvider
1495465774695	addons.manager	DEBUG	Completed startup sequence
1495465782562	addons.manager	DEBUG	Starting provider: &amp;lt;unnamed-provider&amp;gt;
1495465782562	addons.manager	DEBUG	Registering shutdown blocker for &amp;lt;unnamed-provider&amp;gt;
1495465782563	addons.manager	DEBUG	Provider finished startup: &amp;lt;unnamed-provider&amp;gt;
1495465800335	DeferredSave.extensions.json	DEBUG	Write succeeded
1495465800336	addons.xpi-utils	DEBUG	XPI Database saved, setting schema version preference to 17
1495465800337	DeferredSave.extensions.json	DEBUG	Starting timer
1495465800360	DeferredSave.extensions.json	DEBUG	Starting write
1495465800365	addons.repository	DEBUG	No addons.json found.
1495465800450	DeferredSave.addons.json	DEBUG	Save changes
1495465800871	DeferredSave.addons.json	DEBUG	Starting timer
1495465802118	addons.manager	DEBUG	Starting provider: PreviousExperimentProvider
1495465802118	addons.manager	DEBUG	Registering shutdown blocker for PreviousExperimentProvider
1495465802119	addons.manager	DEBUG	Provider finished startup: PreviousExperimentProvider
1495465802121	DeferredSave.addons.json	DEBUG	Starting write
1495465802171	DeferredSave.extensions.json	DEBUG	Write succeeded
1495465803975	DeferredSave.addons.json	DEBUG	Write succeeded

Build info: version: &amp;apos;2.53.1&amp;apos;, revision: &amp;apos;a36b8b1&amp;apos;, time: &amp;apos;2016-06-30 17:32:46&amp;apos;
System info: host: &amp;apos;iDeliver8&amp;apos;, ip: &amp;apos;192.168.1.24&amp;apos;, os.name: &amp;apos;Windows 7&amp;apos;, os.arch: &amp;apos;amd64&amp;apos;, os.version: &amp;apos;6.1&amp;apos;, java.version: &amp;apos;1.8.0&amp;apos;
Driver info: driver.version: FirefoxDriver">
      <![CDATA[org.openqa.selenium.WebDriverException: Failed to connect to binary FirefoxBinary(C:\Program Files\Mozilla Firefox\firefox.exe) on port 7055; process output follows: 
tkdPQA","location":"winreg-app-global","version":"5.0.540.0","type":"extension","internalName":null,"updateURL":null,"updateKey":null,"optionsURL":null,"optionsType":null,"aboutURL":null,"icons":{},"iconURL":"chrome://saff/content/siteadvisor.gif","icon64URL":null,"defaultLocale":{"name":"McAfee WebAdvisor","description":null,"creator":"McAfee Inc.","homepageURL":"http://www.siteadvisor.com/"},"visible":true,"active":false,"userDisabled":true,"appDisabled":false,"descriptor":"C:\\Program Files (x86)\\McAfee\\SiteAdvisor\\saffplg.xpi","installDate":1493028664523,"updateDate":1493028664523,"applyBackgroundUpdates":1,"bootstrap":false,"skinnable":false,"size":319772,"sourceURI":null,"releaseNotesURI":null,"softDisabled":false,"foreignInstall":true,"hasBinaryComponents":false,"strictCompatibility":false,"locales":[],"targetApplications":[{"id":"{ec8030f7-c20a-464f-9b0e-13a3a9e97384}","minVersion":"26.0","maxVersion":"51.*"}],"targetPlatforms":[],"multiprocessCompatible":false,"signedState":2,"seen":true}
1495465774658	DeferredSave.extensions.json	DEBUG	Save changes
1495465774658	addons.xpi	DEBUG	Updating database with changes to installed add-ons
1495465774658	addons.xpi-utils	DEBUG	Updating add-on states
1495465774660	addons.xpi-utils	DEBUG	Writing add-ons list
1495465774664	addons.xpi	DEBUG	Registering manifest for C:\Program Files\Mozilla Firefox\browser\features\e10srollout@mozilla.org.xpi
1495465774665	addons.xpi	DEBUG	Calling bootstrap method startup on e10srollout@mozilla.org version 1.0
1495465774665	addons.xpi	DEBUG	Registering manifest for C:\Program Files\Mozilla Firefox\browser\features\firefox@getpocket.com.xpi
1495465774666	addons.xpi	DEBUG	Calling bootstrap method startup on firefox@getpocket.com version 1.0.2
1495465774667	addons.xpi	DEBUG	Registering manifest for C:\Program Files\Mozilla Firefox\browser\features\loop@mozilla.org.xpi
1495465774668	addons.xpi	DEBUG	Calling bootstrap method startup on loop@mozilla.org version 1.3.2
1495465774688	addons.manager	DEBUG	Registering shutdown blocker for XPIProvider
1495465774688	addons.manager	DEBUG	Provider finished startup: XPIProvider
1495465774688	addons.manager	DEBUG	Starting provider: LightweightThemeManager
1495465774688	addons.manager	DEBUG	Registering shutdown blocker for LightweightThemeManager
1495465774688	addons.manager	DEBUG	Provider finished startup: LightweightThemeManager
1495465774689	addons.manager	DEBUG	Starting provider: GMPProvider
1495465774694	addons.manager	DEBUG	Registering shutdown blocker for GMPProvider
1495465774694	addons.manager	DEBUG	Provider finished startup: GMPProvider
1495465774694	addons.manager	DEBUG	Starting provider: PluginProvider
1495465774694	addons.manager	DEBUG	Registering shutdown blocker for PluginProvider
1495465774694	addons.manager	DEBUG	Provider finished startup: PluginProvider
1495465774695	addons.manager	DEBUG	Completed startup sequence
1495465782562	addons.manager	DEBUG	Starting provider: <unnamed-provider>
1495465782562	addons.manager	DEBUG	Registering shutdown blocker for <unnamed-provider>
1495465782563	addons.manager	DEBUG	Provider finished startup: <unnamed-provider>
1495465800335	DeferredSave.extensions.json	DEBUG	Write succeeded
1495465800336	addons.xpi-utils	DEBUG	XPI Database saved, setting schema version preference to 17
1495465800337	DeferredSave.extensions.json	DEBUG	Starting timer
1495465800360	DeferredSave.extensions.json	DEBUG	Starting write
1495465800365	addons.repository	DEBUG	No addons.json found.
1495465800450	DeferredSave.addons.json	DEBUG	Save changes
1495465800871	DeferredSave.addons.json	DEBUG	Starting timer
1495465802118	addons.manager	DEBUG	Starting provider: PreviousExperimentProvider
1495465802118	addons.manager	DEBUG	Registering shutdown blocker for PreviousExperimentProvider
1495465802119	addons.manager	DEBUG	Provider finished startup: PreviousExperimentProvider
1495465802121	DeferredSave.addons.json	DEBUG	Starting write
1495465802171	DeferredSave.extensions.json	DEBUG	Write succeeded
1495465803975	DeferredSave.addons.json	DEBUG	Write succeeded

Build info: version: '2.53.1', revision: 'a36b8b1', time: '2016-06-30 17:32:46'
System info: host: 'iDeliver8', ip: '192.168.1.24', os.name: 'Windows 7', os.arch: 'amd64', os.version: '6.1', java.version: '1.8.0'
Driver info: driver.version: FirefoxDriver
	at org.openqa.selenium.firefox.internal.NewProfileExtensionConnection.start(NewProfileExtensionConnection.java:124)
	at org.openqa.selenium.firefox.FirefoxDriver.startClient(FirefoxDriver.java:271)
	at org.openqa.selenium.remote.RemoteWebDriver.<init>(RemoteWebDriver.java:119)
	at org.openqa.selenium.firefox.FirefoxDriver.<init>(FirefoxDriver.java:218)
	at org.openqa.selenium.firefox.FirefoxDriver.<init>(FirefoxDriver.java:211)
	at org.openqa.selenium.firefox.FirefoxDriver.<init>(FirefoxDriver.java:207)
	at org.openqa.selenium.firefox.FirefoxDriver.<init>(FirefoxDriver.java:120)
	at make_my_trip.Function_libraries.getBrowser(Function_libraries.java:51)
	at make_my_trip.MMT_TestNGaa.Launch(MMT_TestNGaa.java:69)
	at java.util.concurrent.FutureTask.run(Unknown Source)
	at java.util.concurrent.ThreadPoolExecutor.runWorker(Unknown Source)
	at java.util.concurrent.ThreadPoolExecutor$Worker.run(Unknown Source)
	at java.lang.Thread.run(Unknown Source)
Caused by: org.openqa.selenium.firefox.NotConnectedException: Unable to connect to host 127.0.0.1 on port 7055 after 45000 ms. Firefox console output:
tkdPQA","location":"winreg-app-global","version":"5.0.540.0","type":"extension","internalName":null,"updateURL":null,"updateKey":null,"optionsURL":null,"optionsType":null,"aboutURL":null,"icons":{},"iconURL":"chrome://saff/content/siteadvisor.gif","icon64URL":null,"defaultLocale":{"name":"McAfee WebAdvisor","description":null,"creator":"McAfee Inc.","homepageURL":"http://www.siteadvisor.com/"},"visible":true,"active":false,"userDisabled":true,"appDisabled":false,"descriptor":"C:\\Program Files (x86)\\McAfee\\SiteAdvisor\\saffplg.xpi","installDate":1493028664523,"updateDate":1493028664523,"applyBackgroundUpdates":1,"bootstrap":false,"skinnable":false,"size":319772,"sourceURI":null,"releaseNotesURI":null,"softDisabled":false,"foreignInstall":true,"hasBinaryComponents":false,"strictCompatibility":false,"locales":[],"targetApplications":[{"id":"{ec8030f7-c20a-464f-9b0e-13a3a9e97384}","minVersion":"26.0","maxVersion":"51.*"}],"targetPlatforms":[],"multiprocessCompatible":false,"signedState":2,"seen":true}
1495465774658	DeferredSave.extensions.json	DEBUG	Save changes
1495465774658	addons.xpi	DEBUG	Updating database with changes to installed add-ons
1495465774658	addons.xpi-utils	DEBUG	Updating add-on states
1495465774660	addons.xpi-utils	DEBUG	Writing add-ons list
1495465774664	addons.xpi	DEBUG	Registering manifest for C:\Program Files\Mozilla Firefox\browser\features\e10srollout@mozilla.org.xpi
1495465774665	addons.xpi	DEBUG	Calling bootstrap method startup on e10srollout@mozilla.org version 1.0
1495465774665	addons.xpi	DEBUG	Registering manifest for C:\Program Files\Mozilla Firefox\browser\features\firefox@getpocket.com.xpi
1495465774666	addons.xpi	DEBUG	Calling bootstrap method startup on firefox@getpocket.com version 1.0.2
1495465774667	addons.xpi	DEBUG	Registering manifest for C:\Program Files\Mozilla Firefox\browser\features\loop@mozilla.org.xpi
1495465774668	addons.xpi	DEBUG	Calling bootstrap method startup on loop@mozilla.org version 1.3.2
1495465774688	addons.manager	DEBUG	Registering shutdown blocker for XPIProvider
1495465774688	addons.manager	DEBUG	Provider finished startup: XPIProvider
1495465774688	addons.manager	DEBUG	Starting provider: LightweightThemeManager
1495465774688	addons.manager	DEBUG	Registering shutdown blocker for LightweightThemeManager
1495465774688	addons.manager	DEBUG	Provider finished startup: LightweightThemeManager
1495465774689	addons.manager	DEBUG	Starting provider: GMPProvider
1495465774694	addons.manager	DEBUG	Registering shutdown blocker for GMPProvider
1495465774694	addons.manager	DEBUG	Provider finished startup: GMPProvider
1495465774694	addons.manager	DEBUG	Starting provider: PluginProvider
1495465774694	addons.manager	DEBUG	Registering shutdown blocker for PluginProvider
1495465774694	addons.manager	DEBUG	Provider finished startup: PluginProvider
1495465774695	addons.manager	DEBUG	Completed startup sequence
1495465782562	addons.manager	DEBUG	Starting provider: <unnamed-provider>
1495465782562	addons.manager	DEBUG	Registering shutdown blocker for <unnamed-provider>
1495465782563	addons.manager	DEBUG	Provider finished startup: <unnamed-provider>
1495465800335	DeferredSave.extensions.json	DEBUG	Write succeeded
1495465800336	addons.xpi-utils	DEBUG	XPI Database saved, setting schema version preference to 17
1495465800337	DeferredSave.extensions.json	DEBUG	Starting timer
1495465800360	DeferredSave.extensions.json	DEBUG	Starting write
1495465800365	addons.repository	DEBUG	No addons.json found.
1495465800450	DeferredSave.addons.json	DEBUG	Save changes
1495465800871	DeferredSave.addons.json	DEBUG	Starting timer
1495465802118	addons.manager	DEBUG	Starting provider: PreviousExperimentProvider
1495465802118	addons.manager	DEBUG	Registering shutdown blocker for PreviousExperimentProvider
1495465802119	addons.manager	DEBUG	Provider finished startup: PreviousExperimentProvider
1495465802121	DeferredSave.addons.json	DEBUG	Starting write
1495465802171	DeferredSave.extensions.json	DEBUG	Write succeeded
1495465803975	DeferredSave.addons.json	DEBUG	Write succeeded

	at org.openqa.selenium.firefox.internal.NewProfileExtensionConnection.start(NewProfileExtensionConnection.java:112)
	... 28 more
... Removed 16 stack frames]]>
    </failure>
  </testcase> <!-- Launch -->
  <testcase name="Flight_Search" time="0.0" classname="make_my_trip.MMT_TestNGaa">
    <skipped/>
  </testcase> <!-- Flight_Search -->
  <testcase name="Flight_Book" time="0.0" classname="make_my_trip.MMT_TestNGaa">
    <skipped/>
  </testcase> <!-- Flight_Book -->
  <testcase name="Fare_check" time="0.0" classname="make_my_trip.MMT_TestNGaa">
    <skipped/>
  </testcase> <!-- Fare_check -->
  <testcase name="Passenger_details" time="0.0" classname="make_my_trip.MMT_TestNGaa">
    <skipped/>
  </testcase> <!-- Passenger_details -->
  <testcase name="Payment_details" time="0.0" classname="make_my_trip.MMT_TestNGaa">
    <skipped/>
  </testcase> <!-- Payment_details -->
</testsuite> <!-- Test1 -->
