<?xml version="1.0" encoding="UTF-8"?>
<!-- Generated by org.testng.reporters.JUnitXMLReporter -->
<testsuite hostname="iDeliver8" name="Default test" tests="3" failures="0" timestamp="11 Apr 2018 16:15:36 GMT" time="89.454" errors="0">
  <testcase name="Launch" time="30.637" classname="com.RA.e2e.RA_script"/>
  <testcase name="Login_RA_page" time="34.614" classname="com.RA.e2e.RA_script"/>
  <testcase name="Logout_RA_page" time="23.5" classname="com.RA.e2e.RA_script"/>
</testsuite> <!-- Default test -->
